{"/Users/jacoborshalick/Projects/focus.dev/aws-rest-api-starter/post-service/common/RESTRoute.ts": {"path":"/Users/jacoborshalick/Projects/focus.dev/aws-rest-api-starter/post-service/common/RESTRoute.ts","all":false,"statementMap":{"0":{"start":{"line":1,"column":0},"end":{"line":1,"column":51}},"1":{"start":{"line":2,"column":0},"end":{"line":2,"column":65}},"2":{"start":{"line":3,"column":0},"end":{"line":3,"column":119}},"3":{"start":{"line":4,"column":0},"end":{"line":4,"column":54}},"4":{"start":{"line":5,"column":0},"end":{"line":5,"column":0}},"5":{"start":{"line":6,"column":0},"end":{"line":6,"column":44}},"6":{"start":{"line":7,"column":0},"end":{"line":7,"column":0}},"7":{"start":{"line":8,"column":0},"end":{"line":8,"column":36}},"8":{"start":{"line":9,"column":0},"end":{"line":9,"column":92}},"9":{"start":{"line":10,"column":0},"end":{"line":10,"column":3}},"10":{"start":{"line":11,"column":0},"end":{"line":11,"column":0}},"11":{"start":{"line":12,"column":0},"end":{"line":12,"column":36}},"12":{"start":{"line":13,"column":0},"end":{"line":13,"column":118}},"13":{"start":{"line":14,"column":0},"end":{"line":14,"column":3}},"14":{"start":{"line":15,"column":0},"end":{"line":15,"column":2}},"15":{"start":{"line":16,"column":0},"end":{"line":16,"column":26}},"16":{"start":{"line":17,"column":0},"end":{"line":17,"column":46}},"17":{"start":{"line":18,"column":0},"end":{"line":18,"column":3}},"18":{"start":{"line":19,"column":0},"end":{"line":19,"column":0}},"19":{"start":{"line":20,"column":0},"end":{"line":20,"column":110}},"20":{"start":{"line":21,"column":0},"end":{"line":21,"column":9}},"21":{"start":{"line":22,"column":0},"end":{"line":22,"column":24}},"22":{"start":{"line":23,"column":0},"end":{"line":23,"column":59}},"23":{"start":{"line":24,"column":0},"end":{"line":24,"column":14}},"24":{"start":{"line":25,"column":0},"end":{"line":25,"column":54}},"25":{"start":{"line":26,"column":0},"end":{"line":26,"column":7}},"26":{"start":{"line":27,"column":0},"end":{"line":27,"column":16}},"27":{"start":{"line":28,"column":0},"end":{"line":28,"column":23}},"28":{"start":{"line":29,"column":0},"end":{"line":29,"column":57}},"29":{"start":{"line":30,"column":0},"end":{"line":30,"column":5}},"30":{"start":{"line":31,"column":0},"end":{"line":31,"column":3}},"31":{"start":{"line":32,"column":0},"end":{"line":32,"column":0}},"32":{"start":{"line":33,"column":0},"end":{"line":33,"column":27}},"33":{"start":{"line":34,"column":0},"end":{"line":34,"column":12}},"34":{"start":{"line":35,"column":0},"end":{"line":35,"column":33}},"35":{"start":{"line":36,"column":0},"end":{"line":36,"column":34}},"36":{"start":{"line":37,"column":0},"end":{"line":37,"column":6}},"37":{"start":{"line":38,"column":0},"end":{"line":38,"column":3}},"38":{"start":{"line":39,"column":0},"end":{"line":39,"column":0}},"39":{"start":{"line":40,"column":0},"end":{"line":40,"column":42}},"40":{"start":{"line":41,"column":0},"end":{"line":41,"column":12}},"41":{"start":{"line":42,"column":0},"end":{"line":42,"column":17}},"42":{"start":{"line":43,"column":0},"end":{"line":43,"column":39}},"43":{"start":{"line":44,"column":0},"end":{"line":44,"column":6}},"44":{"start":{"line":45,"column":0},"end":{"line":45,"column":3}},"45":{"start":{"line":46,"column":0},"end":{"line":46,"column":0}},"46":{"start":{"line":47,"column":0},"end":{"line":47,"column":73}},"47":{"start":{"line":48,"column":0},"end":{"line":48,"column":9}},"48":{"start":{"line":49,"column":0},"end":{"line":49,"column":50}},"49":{"start":{"line":50,"column":0},"end":{"line":50,"column":0}},"50":{"start":{"line":51,"column":0},"end":{"line":51,"column":20}},"51":{"start":{"line":52,"column":0},"end":{"line":52,"column":17}},"52":{"start":{"line":53,"column":0},"end":{"line":53,"column":23}},"53":{"start":{"line":54,"column":0},"end":{"line":54,"column":0}},"54":{"start":{"line":55,"column":0},"end":{"line":55,"column":67}},"55":{"start":{"line":56,"column":0},"end":{"line":56,"column":5}},"56":{"start":{"line":57,"column":0},"end":{"line":57,"column":3}},"57":{"start":{"line":58,"column":0},"end":{"line":58,"column":0}},"58":{"start":{"line":59,"column":0},"end":{"line":59,"column":79}},"59":{"start":{"line":60,"column":0},"end":{"line":60,"column":1}},"60":{"start":{"line":61,"column":0},"end":{"line":61,"column":0}},"61":{"start":{"line":62,"column":0},"end":{"line":62,"column":50}},"62":{"start":{"line":63,"column":0},"end":{"line":63,"column":64}},"63":{"start":{"line":64,"column":0},"end":{"line":64,"column":24}},"64":{"start":{"line":65,"column":0},"end":{"line":65,"column":3}},"65":{"start":{"line":66,"column":0},"end":{"line":66,"column":0}},"66":{"start":{"line":67,"column":0},"end":{"line":67,"column":77}},"67":{"start":{"line":68,"column":0},"end":{"line":68,"column":67}},"68":{"start":{"line":69,"column":0},"end":{"line":69,"column":52}},"69":{"start":{"line":70,"column":0},"end":{"line":70,"column":0}},"70":{"start":{"line":71,"column":0},"end":{"line":71,"column":37}},"71":{"start":{"line":72,"column":0},"end":{"line":72,"column":7}},"72":{"start":{"line":73,"column":0},"end":{"line":73,"column":3}},"73":{"start":{"line":74,"column":0},"end":{"line":74,"column":1}},"74":{"start":{"line":75,"column":0},"end":{"line":75,"column":0}},"75":{"start":{"line":76,"column":0},"end":{"line":76,"column":48}},"76":{"start":{"line":77,"column":0},"end":{"line":77,"column":62}},"77":{"start":{"line":78,"column":0},"end":{"line":78,"column":23}},"78":{"start":{"line":79,"column":0},"end":{"line":79,"column":3}},"79":{"start":{"line":80,"column":0},"end":{"line":80,"column":0}},"80":{"start":{"line":81,"column":0},"end":{"line":81,"column":77}},"81":{"start":{"line":82,"column":0},"end":{"line":82,"column":45}},"82":{"start":{"line":83,"column":0},"end":{"line":83,"column":0}},"83":{"start":{"line":84,"column":0},"end":{"line":84,"column":35}},"84":{"start":{"line":85,"column":0},"end":{"line":85,"column":3}},"85":{"start":{"line":86,"column":0},"end":{"line":86,"column":1}},"86":{"start":{"line":87,"column":0},"end":{"line":87,"column":0}},"87":{"start":{"line":88,"column":0},"end":{"line":88,"column":52}},"88":{"start":{"line":89,"column":0},"end":{"line":89,"column":66}},"89":{"start":{"line":90,"column":0},"end":{"line":90,"column":23}},"90":{"start":{"line":91,"column":0},"end":{"line":91,"column":3}},"91":{"start":{"line":92,"column":0},"end":{"line":92,"column":0}},"92":{"start":{"line":93,"column":0},"end":{"line":93,"column":77}},"93":{"start":{"line":94,"column":0},"end":{"line":94,"column":45}},"94":{"start":{"line":95,"column":0},"end":{"line":95,"column":49}},"95":{"start":{"line":96,"column":0},"end":{"line":96,"column":0}},"96":{"start":{"line":97,"column":0},"end":{"line":97,"column":18}},"97":{"start":{"line":98,"column":0},"end":{"line":98,"column":55}},"98":{"start":{"line":99,"column":0},"end":{"line":99,"column":5}},"99":{"start":{"line":100,"column":0},"end":{"line":100,"column":0}},"100":{"start":{"line":101,"column":0},"end":{"line":101,"column":12}},"101":{"start":{"line":102,"column":0},"end":{"line":102,"column":33}},"102":{"start":{"line":103,"column":0},"end":{"line":103,"column":34}},"103":{"start":{"line":104,"column":0},"end":{"line":104,"column":5}},"104":{"start":{"line":105,"column":0},"end":{"line":105,"column":3}},"105":{"start":{"line":106,"column":0},"end":{"line":106,"column":1}},"106":{"start":{"line":107,"column":0},"end":{"line":107,"column":0}},"107":{"start":{"line":108,"column":0},"end":{"line":108,"column":50}},"108":{"start":{"line":109,"column":0},"end":{"line":109,"column":64}},"109":{"start":{"line":110,"column":0},"end":{"line":110,"column":23}},"110":{"start":{"line":111,"column":0},"end":{"line":111,"column":3}},"111":{"start":{"line":112,"column":0},"end":{"line":112,"column":0}},"112":{"start":{"line":113,"column":0},"end":{"line":113,"column":77}},"113":{"start":{"line":114,"column":0},"end":{"line":114,"column":45}},"114":{"start":{"line":115,"column":0},"end":{"line":115,"column":0}},"115":{"start":{"line":116,"column":0},"end":{"line":116,"column":67}},"116":{"start":{"line":117,"column":0},"end":{"line":117,"column":56}},"117":{"start":{"line":118,"column":0},"end":{"line":118,"column":0}},"118":{"start":{"line":119,"column":0},"end":{"line":119,"column":37}},"119":{"start":{"line":120,"column":0},"end":{"line":120,"column":7}},"120":{"start":{"line":121,"column":0},"end":{"line":121,"column":3}},"121":{"start":{"line":122,"column":0},"end":{"line":122,"column":1}},"122":{"start":{"line":123,"column":0},"end":{"line":123,"column":0}},"123":{"start":{"line":124,"column":0},"end":{"line":124,"column":50}},"124":{"start":{"line":125,"column":0},"end":{"line":125,"column":64}},"125":{"start":{"line":126,"column":0},"end":{"line":126,"column":26}},"126":{"start":{"line":127,"column":0},"end":{"line":127,"column":3}},"127":{"start":{"line":128,"column":0},"end":{"line":128,"column":0}},"128":{"start":{"line":129,"column":0},"end":{"line":129,"column":77}},"129":{"start":{"line":130,"column":0},"end":{"line":130,"column":76}},"130":{"start":{"line":131,"column":0},"end":{"line":131,"column":0}},"131":{"start":{"line":132,"column":0},"end":{"line":132,"column":35}},"132":{"start":{"line":133,"column":0},"end":{"line":133,"column":3}},"133":{"start":{"line":134,"column":0},"end":{"line":134,"column":1}},"134":{"start":{"line":135,"column":0},"end":{"line":135,"column":0}},"135":{"start":{"line":136,"column":0},"end":{"line":136,"column":50}},"136":{"start":{"line":137,"column":0},"end":{"line":137,"column":106}},"137":{"start":{"line":138,"column":0},"end":{"line":138,"column":28}},"138":{"start":{"line":139,"column":0},"end":{"line":139,"column":3}},"139":{"start":{"line":140,"column":0},"end":{"line":140,"column":0}},"140":{"start":{"line":141,"column":0},"end":{"line":141,"column":77}},"141":{"start":{"line":142,"column":0},"end":{"line":142,"column":83}},"142":{"start":{"line":143,"column":0},"end":{"line":143,"column":3}},"143":{"start":{"line":144,"column":0},"end":{"line":144,"column":1}}},"s":{"0":2,"1":2,"2":2,"3":2,"4":14,"5":2,"6":2,"7":2,"8":2,"9":2,"10":2,"11":2,"12":14,"13":14,"14":14,"15":14,"16":2,"17":2,"18":2,"19":2,"20":2,"21":2,"22":2,"23":2,"24":2,"25":7,"26":2,"27":2,"28":2,"29":2,"30":2,"31":2,"32":2,"33":2,"34":2,"35":2,"36":2,"37":2,"38":2,"39":2,"40":35,"41":35,"42":2,"43":23,"44":23,"45":23,"46":23,"47":11,"48":2,"49":6,"50":6,"51":6,"52":2,"53":2,"54":2,"55":2,"56":0,"57":0,"58":0,"59":0,"60":0,"61":2,"62":2,"63":0,"64":0,"65":0,"66":2,"67":4,"68":4,"69":4,"70":2,"71":1,"72":1,"73":1,"74":1,"75":1,"76":2,"77":6,"78":6,"79":6,"80":6,"81":0,"82":0,"83":0,"84":0,"85":0,"86":0,"87":2,"88":2,"89":7,"90":7,"91":7,"92":2,"93":1,"94":1,"95":1,"96":1,"97":2,"98":2,"99":7,"100":7,"101":7,"102":2,"103":1,"104":1,"105":1,"106":1,"107":1,"108":2,"109":2,"110":2,"111":8,"112":8,"113":2,"114":1,"115":1,"116":1,"117":1,"118":1,"119":1,"120":1,"121":1,"122":1,"123":1,"124":0,"125":2,"126":2,"127":2,"128":2,"129":2,"130":1,"131":1,"132":1,"133":1,"134":1,"135":1,"136":2,"137":2,"138":2,"139":2,"140":2,"141":2,"142":1,"143":1},"branchMap":{"0":{"type":"branch","line":1,"loc":{"start":{"line":1,"column":0},"end":{"line":144,"column":1}},"locations":[{"start":{"line":1,"column":0},"end":{"line":144,"column":1}}]},"1":{"type":"branch","line":1,"loc":{"start":{"line":1,"column":0},"end":{"line":144,"column":1}},"locations":[{"start":{"line":1,"column":0},"end":{"line":144,"column":1}}]},"2":{"type":"branch","line":3,"loc":{"start":{"line":3,"column":96},"end":{"line":6,"column":31}},"locations":[{"start":{"line":3,"column":96},"end":{"line":6,"column":31}}]},"3":{"type":"branch","line":4,"loc":{"start":{"line":4,"column":23},"end":{"line":6,"column":29}},"locations":[{"start":{"line":4,"column":23},"end":{"line":6,"column":29}}]},"4":{"type":"branch","line":8,"loc":{"start":{"line":8,"column":5},"end":{"line":17,"column":26}},"locations":[{"start":{"line":8,"column":5},"end":{"line":17,"column":26}}]},"5":{"type":"branch","line":9,"loc":{"start":{"line":9,"column":37},"end":{"line":9,"column":66}},"locations":[{"start":{"line":9,"column":37},"end":{"line":9,"column":66}}]},"6":{"type":"branch","line":12,"loc":{"start":{"line":12,"column":23},"end":{"line":17,"column":7}},"locations":[{"start":{"line":12,"column":23},"end":{"line":17,"column":7}}]},"7":{"type":"branch","line":13,"loc":{"start":{"line":13,"column":71},"end":{"line":13,"column":86}},"locations":[{"start":{"line":13,"column":71},"end":{"line":13,"column":86}}]},"8":{"type":"branch","line":18,"loc":{"start":{"line":18,"column":0},"end":{"line":20,"column":66}},"locations":[{"start":{"line":18,"column":0},"end":{"line":20,"column":66}}]},"9":{"type":"branch","line":22,"loc":{"start":{"line":22,"column":12},"end":{"line":23,"column":4}},"locations":[{"start":{"line":22,"column":12},"end":{"line":23,"column":4}}]},"10":{"type":"branch","line":23,"loc":{"start":{"line":23,"column":21},"end":{"line":23,"column":38}},"locations":[{"start":{"line":23,"column":21},"end":{"line":23,"column":38}}]},"11":{"type":"branch","line":23,"loc":{"start":{"line":23,"column":55},"end":{"line":24,"column":12}},"locations":[{"start":{"line":23,"column":55},"end":{"line":24,"column":12}}]},"12":{"type":"branch","line":25,"loc":{"start":{"line":25,"column":16},"end":{"line":25,"column":35}},"locations":[{"start":{"line":25,"column":16},"end":{"line":25,"column":35}}]},"13":{"type":"branch","line":25,"loc":{"start":{"line":25,"column":50},"end":{"line":27,"column":2}},"locations":[{"start":{"line":25,"column":50},"end":{"line":27,"column":2}}]},"14":{"type":"branch","line":29,"loc":{"start":{"line":29,"column":8},"end":{"line":29,"column":25}},"locations":[{"start":{"line":29,"column":8},"end":{"line":29,"column":25}}]},"15":{"type":"branch","line":40,"loc":{"start":{"line":40,"column":12},"end":{"line":43,"column":29}},"locations":[{"start":{"line":40,"column":12},"end":{"line":43,"column":29}}]},"16":{"type":"branch","line":43,"loc":{"start":{"line":43,"column":32},"end":{"line":49,"column":33}},"locations":[{"start":{"line":43,"column":32},"end":{"line":49,"column":33}}]},"17":{"type":"branch","line":48,"loc":{"start":{"line":48,"column":-1},"end":{"line":49,"column":28}},"locations":[{"start":{"line":48,"column":-1},"end":{"line":49,"column":28}}]},"18":{"type":"branch","line":49,"loc":{"start":{"line":49,"column":36},"end":{"line":53,"column":12}},"locations":[{"start":{"line":49,"column":36},"end":{"line":53,"column":12}}]},"19":{"type":"branch","line":53,"loc":{"start":{"line":53,"column":2},"end":{"line":53,"column":7}},"locations":[{"start":{"line":53,"column":2},"end":{"line":53,"column":7}}]},"20":{"type":"branch","line":53,"loc":{"start":{"line":53,"column":15},"end":{"line":67,"column":61}},"locations":[{"start":{"line":53,"column":15},"end":{"line":67,"column":61}}]},"21":{"type":"branch","line":56,"loc":{"start":{"line":56,"column":2},"end":{"line":62,"column":2}},"locations":[{"start":{"line":56,"column":2},"end":{"line":62,"column":2}}]},"22":{"type":"branch","line":63,"loc":{"start":{"line":63,"column":28},"end":{"line":67,"column":57}},"locations":[{"start":{"line":63,"column":28},"end":{"line":67,"column":57}}]},"23":{"type":"branch","line":67,"loc":{"start":{"line":67,"column":64},"end":{"line":71,"column":2}},"locations":[{"start":{"line":67,"column":64},"end":{"line":71,"column":2}}]},"24":{"type":"branch","line":71,"loc":{"start":{"line":71,"column":5},"end":{"line":77,"column":42}},"locations":[{"start":{"line":71,"column":5},"end":{"line":77,"column":42}}]},"25":{"type":"branch","line":77,"loc":{"start":{"line":77,"column":45},"end":{"line":88,"column":33}},"locations":[{"start":{"line":77,"column":45},"end":{"line":88,"column":33}}]},"26":{"type":"branch","line":81,"loc":{"start":{"line":81,"column":63},"end":{"line":88,"column":29}},"locations":[{"start":{"line":81,"column":63},"end":{"line":88,"column":29}}]},"27":{"type":"branch","line":89,"loc":{"start":{"line":89,"column":23},"end":{"line":93,"column":12}},"locations":[{"start":{"line":89,"column":23},"end":{"line":93,"column":12}}]},"28":{"type":"branch","line":93,"loc":{"start":{"line":93,"column":15},"end":{"line":98,"column":17}},"locations":[{"start":{"line":93,"column":15},"end":{"line":98,"column":17}}]},"29":{"type":"branch","line":94,"loc":{"start":{"line":94,"column":14},"end":{"line":98,"column":11}},"locations":[{"start":{"line":94,"column":14},"end":{"line":98,"column":11}}]},"30":{"type":"branch","line":99,"loc":{"start":{"line":99,"column":2},"end":{"line":103,"column":32}},"locations":[{"start":{"line":99,"column":2},"end":{"line":103,"column":32}}]},"31":{"type":"branch","line":104,"loc":{"start":{"line":104,"column":0},"end":{"line":109,"column":47}},"locations":[{"start":{"line":104,"column":0},"end":{"line":109,"column":47}}]},"32":{"type":"branch","line":112,"loc":{"start":{"line":112,"column":-1},"end":{"line":114,"column":4}},"locations":[{"start":{"line":112,"column":-1},"end":{"line":114,"column":4}}]},"33":{"type":"branch","line":114,"loc":{"start":{"line":114,"column":7},"end":{"line":126,"column":10}},"locations":[{"start":{"line":114,"column":7},"end":{"line":126,"column":10}}]},"34":{"type":"branch","line":124,"loc":{"start":{"line":124,"column":8},"end":{"line":126,"column":9}},"locations":[{"start":{"line":124,"column":8},"end":{"line":126,"column":9}}]},"35":{"type":"branch","line":129,"loc":{"start":{"line":129,"column":21},"end":{"line":130,"column":27}},"locations":[{"start":{"line":129,"column":21},"end":{"line":130,"column":27}}]},"36":{"type":"branch","line":130,"loc":{"start":{"line":130,"column":30},"end":{"line":137,"column":104}},"locations":[{"start":{"line":130,"column":30},"end":{"line":137,"column":104}}]},"37":{"type":"branch","line":136,"loc":{"start":{"line":136,"column":32},"end":{"line":137,"column":98}},"locations":[{"start":{"line":136,"column":32},"end":{"line":137,"column":98}}]},"38":{"type":"branch","line":141,"loc":{"start":{"line":141,"column":6},"end":{"line":142,"column":15}},"locations":[{"start":{"line":141,"column":6},"end":{"line":142,"column":15}}]},"39":{"type":"branch","line":142,"loc":{"start":{"line":142,"column":18},"end":{"line":144,"column":1}},"locations":[{"start":{"line":142,"column":18},"end":{"line":144,"column":1}}]}},"b":{"0":[2],"1":[2],"2":[2],"3":[14],"4":[2],"5":[0],"6":[14],"7":[35],"8":[2],"9":[7],"10":[1],"11":[6],"12":[8],"13":[7],"14":[6],"15":[35],"16":[23],"17":[11],"18":[6],"19":[1],"20":[2],"21":[0],"22":[0],"23":[4],"24":[1],"25":[6],"26":[0],"27":[7],"28":[1],"29":[1],"30":[7],"31":[1],"32":[8],"33":[1],"34":[0],"35":[6],"36":[1],"37":[1],"38":[6],"39":[1]},"fnMap":{"0":{"name":"Object.<anonymous>","decl":{"start":{"line":1,"column":0},"end":{"line":144,"column":1}},"loc":{"start":{"line":1,"column":0},"end":{"line":144,"column":1}},"line":1},"1":{"name":"__export","decl":{"start":{"line":3,"column":96},"end":{"line":6,"column":31}},"loc":{"start":{"line":3,"column":96},"end":{"line":6,"column":31}},"line":3},"2":{"name":"__copyProps","decl":{"start":{"line":8,"column":5},"end":{"line":17,"column":26}},"loc":{"start":{"line":8,"column":5},"end":{"line":17,"column":26}},"line":8},"3":{"name":"get","decl":{"start":{"line":13,"column":71},"end":{"line":13,"column":86}},"loc":{"start":{"line":13,"column":71},"end":{"line":13,"column":86}},"line":13},"4":{"name":"__toCommonJS","decl":{"start":{"line":18,"column":0},"end":{"line":20,"column":66}},"loc":{"start":{"line":18,"column":0},"end":{"line":20,"column":66}},"line":18},"5":{"name":"CreateRoute","decl":{"start":{"line":22,"column":12},"end":{"line":23,"column":4}},"loc":{"start":{"line":22,"column":12},"end":{"line":23,"column":4}},"line":22},"6":{"name":"CustomRoute","decl":{"start":{"line":23,"column":21},"end":{"line":23,"column":38}},"loc":{"start":{"line":23,"column":21},"end":{"line":23,"column":38}},"line":23},"7":{"name":"DeleteRoute","decl":{"start":{"line":23,"column":55},"end":{"line":24,"column":12}},"loc":{"start":{"line":23,"column":55},"end":{"line":24,"column":12}},"line":23},"8":{"name":"FindByIdRoute","decl":{"start":{"line":25,"column":16},"end":{"line":25,"column":35}},"loc":{"start":{"line":25,"column":16},"end":{"line":25,"column":35}},"line":25},"9":{"name":"FindRoute","decl":{"start":{"line":25,"column":50},"end":{"line":27,"column":2}},"loc":{"start":{"line":25,"column":50},"end":{"line":27,"column":2}},"line":25},"10":{"name":"RESTRoute","decl":{"start":{"line":28,"column":0},"end":{"line":28,"column":15}},"loc":{"start":{"line":28,"column":0},"end":{"line":28,"column":15}},"line":28},"11":{"name":"UpdateRoute","decl":{"start":{"line":29,"column":8},"end":{"line":29,"column":25}},"loc":{"start":{"line":29,"column":8},"end":{"line":29,"column":25}},"line":29},"12":{"name":"RESTRoute","decl":{"start":{"line":40,"column":12},"end":{"line":43,"column":29}},"loc":{"start":{"line":40,"column":12},"end":{"line":43,"column":29}},"line":40},"13":{"name":"isMatch","decl":{"start":{"line":43,"column":32},"end":{"line":49,"column":33}},"loc":{"start":{"line":43,"column":32},"end":{"line":49,"column":33}},"line":43},"14":{"name":"getParams","decl":{"start":{"line":49,"column":36},"end":{"line":53,"column":12}},"loc":{"start":{"line":49,"column":36},"end":{"line":53,"column":12}},"line":49},"15":{"name":"handleRequestWithBody","decl":{"start":{"line":53,"column":15},"end":{"line":67,"column":61}},"loc":{"start":{"line":53,"column":15},"end":{"line":67,"column":61}},"line":53},"16":{"name":"okResponse","decl":{"start":{"line":67,"column":64},"end":{"line":71,"column":2}},"loc":{"start":{"line":67,"column":64},"end":{"line":71,"column":2}},"line":67},"17":{"name":"errorResponse","decl":{"start":{"line":71,"column":5},"end":{"line":77,"column":42}},"loc":{"start":{"line":71,"column":5},"end":{"line":77,"column":42}},"line":71},"18":{"name":"handle","decl":{"start":{"line":77,"column":45},"end":{"line":88,"column":33}},"loc":{"start":{"line":77,"column":45},"end":{"line":88,"column":33}},"line":77},"19":{"name":"CreateRoute","decl":{"start":{"line":89,"column":23},"end":{"line":93,"column":12}},"loc":{"start":{"line":89,"column":23},"end":{"line":93,"column":12}},"line":89},"20":{"name":"handleImpl","decl":{"start":{"line":93,"column":15},"end":{"line":98,"column":17}},"loc":{"start":{"line":93,"column":15},"end":{"line":98,"column":17}},"line":93},"21":{"name":"FindRoute","decl":{"start":{"line":99,"column":2},"end":{"line":103,"column":32}},"loc":{"start":{"line":99,"column":2},"end":{"line":103,"column":32}},"line":99},"22":{"name":"handleImpl","decl":{"start":{"line":104,"column":0},"end":{"line":109,"column":47}},"loc":{"start":{"line":104,"column":0},"end":{"line":109,"column":47}},"line":104},"23":{"name":"FindByIdRoute","decl":{"start":{"line":112,"column":-1},"end":{"line":114,"column":4}},"loc":{"start":{"line":112,"column":-1},"end":{"line":114,"column":4}},"line":112},"24":{"name":"handleImpl","decl":{"start":{"line":114,"column":7},"end":{"line":126,"column":10}},"loc":{"start":{"line":114,"column":7},"end":{"line":126,"column":10}},"line":114},"25":{"name":"UpdateRoute","decl":{"start":{"line":129,"column":21},"end":{"line":130,"column":27}},"loc":{"start":{"line":129,"column":21},"end":{"line":130,"column":27}},"line":129},"26":{"name":"handleImpl","decl":{"start":{"line":130,"column":30},"end":{"line":137,"column":104}},"loc":{"start":{"line":130,"column":30},"end":{"line":137,"column":104}},"line":130},"27":{"name":"DeleteRoute","decl":{"start":{"line":141,"column":6},"end":{"line":142,"column":15}},"loc":{"start":{"line":141,"column":6},"end":{"line":142,"column":15}},"line":141},"28":{"name":"handleImpl","decl":{"start":{"line":142,"column":18},"end":{"line":144,"column":1}},"loc":{"start":{"line":142,"column":18},"end":{"line":144,"column":1}},"line":142}},"f":{"0":2,"1":2,"2":2,"3":35,"4":2,"5":7,"6":1,"7":6,"8":8,"9":7,"10":0,"11":6,"12":35,"13":23,"14":6,"15":2,"16":4,"17":1,"18":6,"19":7,"20":1,"21":7,"22":1,"23":8,"24":1,"25":6,"26":1,"27":6,"28":1}}
,"/Users/jacoborshalick/Projects/focus.dev/aws-rest-api-starter/post-service/common/RESTRouter.ts": {"path":"/Users/jacoborshalick/Projects/focus.dev/aws-rest-api-starter/post-service/common/RESTRouter.ts","all":false,"statementMap":{"0":{"start":{"line":1,"column":0},"end":{"line":1,"column":65}},"1":{"start":{"line":2,"column":0},"end":{"line":2,"column":106}},"2":{"start":{"line":3,"column":0},"end":{"line":3,"column":54}},"3":{"start":{"line":4,"column":0},"end":{"line":4,"column":105}},"4":{"start":{"line":5,"column":0},"end":{"line":5,"column":0}},"5":{"start":{"line":6,"column":0},"end":{"line":6,"column":28}},"6":{"start":{"line":7,"column":0},"end":{"line":7,"column":33}},"7":{"start":{"line":8,"column":0},"end":{"line":8,"column":39}},"8":{"start":{"line":9,"column":0},"end":{"line":9,"column":0}},"9":{"start":{"line":10,"column":0},"end":{"line":10,"column":41}},"10":{"start":{"line":11,"column":0},"end":{"line":11,"column":21}},"11":{"start":{"line":12,"column":0},"end":{"line":12,"column":27}},"12":{"start":{"line":13,"column":0},"end":{"line":13,"column":3}},"13":{"start":{"line":14,"column":0},"end":{"line":14,"column":0}},"14":{"start":{"line":15,"column":0},"end":{"line":15,"column":39}},"15":{"start":{"line":16,"column":0},"end":{"line":16,"column":62}},"16":{"start":{"line":17,"column":0},"end":{"line":17,"column":0}},"17":{"start":{"line":18,"column":0},"end":{"line":18,"column":16}},"18":{"start":{"line":19,"column":0},"end":{"line":19,"column":3}},"19":{"start":{"line":20,"column":0},"end":{"line":20,"column":0}},"20":{"start":{"line":21,"column":0},"end":{"line":21,"column":35}},"21":{"start":{"line":22,"column":0},"end":{"line":22,"column":60}},"22":{"start":{"line":23,"column":0},"end":{"line":23,"column":0}},"23":{"start":{"line":24,"column":0},"end":{"line":24,"column":16}},"24":{"start":{"line":25,"column":0},"end":{"line":25,"column":3}},"25":{"start":{"line":26,"column":0},"end":{"line":26,"column":0}},"26":{"start":{"line":27,"column":0},"end":{"line":27,"column":43}},"27":{"start":{"line":28,"column":0},"end":{"line":28,"column":73}},"28":{"start":{"line":29,"column":0},"end":{"line":29,"column":0}},"29":{"start":{"line":30,"column":0},"end":{"line":30,"column":16}},"30":{"start":{"line":31,"column":0},"end":{"line":31,"column":3}},"31":{"start":{"line":32,"column":0},"end":{"line":32,"column":0}},"32":{"start":{"line":33,"column":0},"end":{"line":33,"column":39}},"33":{"start":{"line":34,"column":0},"end":{"line":34,"column":71}},"34":{"start":{"line":35,"column":0},"end":{"line":35,"column":0}},"35":{"start":{"line":36,"column":0},"end":{"line":36,"column":16}},"36":{"start":{"line":37,"column":0},"end":{"line":37,"column":3}},"37":{"start":{"line":38,"column":0},"end":{"line":38,"column":0}},"38":{"start":{"line":39,"column":0},"end":{"line":39,"column":39}},"39":{"start":{"line":40,"column":0},"end":{"line":40,"column":71}},"40":{"start":{"line":41,"column":0},"end":{"line":41,"column":0}},"41":{"start":{"line":42,"column":0},"end":{"line":42,"column":16}},"42":{"start":{"line":43,"column":0},"end":{"line":43,"column":3}},"43":{"start":{"line":44,"column":0},"end":{"line":44,"column":2}},"44":{"start":{"line":45,"column":0},"end":{"line":45,"column":42}},"45":{"start":{"line":46,"column":0},"end":{"line":46,"column":32}},"46":{"start":{"line":47,"column":0},"end":{"line":47,"column":0}},"47":{"start":{"line":48,"column":0},"end":{"line":48,"column":16}},"48":{"start":{"line":49,"column":0},"end":{"line":49,"column":3}},"49":{"start":{"line":50,"column":0},"end":{"line":50,"column":0}},"50":{"start":{"line":51,"column":0},"end":{"line":51,"column":43}},"51":{"start":{"line":52,"column":0},"end":{"line":52,"column":39}},"52":{"start":{"line":53,"column":0},"end":{"line":53,"column":61}},"53":{"start":{"line":54,"column":0},"end":{"line":54,"column":36}},"54":{"start":{"line":55,"column":0},"end":{"line":55,"column":9}},"55":{"start":{"line":56,"column":0},"end":{"line":56,"column":0}},"56":{"start":{"line":57,"column":0},"end":{"line":57,"column":24}},"57":{"start":{"line":58,"column":0},"end":{"line":58,"column":27}},"58":{"start":{"line":59,"column":0},"end":{"line":59,"column":7}},"59":{"start":{"line":60,"column":0},"end":{"line":60,"column":5}},"60":{"start":{"line":61,"column":0},"end":{"line":61,"column":0}},"61":{"start":{"line":62,"column":0},"end":{"line":62,"column":40}},"62":{"start":{"line":63,"column":0},"end":{"line":63,"column":34}},"63":{"start":{"line":64,"column":0},"end":{"line":64,"column":7}},"64":{"start":{"line":65,"column":0},"end":{"line":65,"column":3}},"65":{"start":{"line":66,"column":0},"end":{"line":66,"column":0}},"66":{"start":{"line":67,"column":0},"end":{"line":67,"column":48}},"67":{"start":{"line":68,"column":0},"end":{"line":68,"column":45}},"68":{"start":{"line":69,"column":0},"end":{"line":69,"column":0}},"69":{"start":{"line":70,"column":0},"end":{"line":70,"column":16}},"70":{"start":{"line":71,"column":0},"end":{"line":71,"column":53}},"71":{"start":{"line":72,"column":0},"end":{"line":72,"column":0}},"72":{"start":{"line":73,"column":0},"end":{"line":73,"column":44}},"73":{"start":{"line":74,"column":0},"end":{"line":74,"column":25}},"74":{"start":{"line":75,"column":0},"end":{"line":75,"column":58}},"75":{"start":{"line":76,"column":0},"end":{"line":76,"column":58}},"76":{"start":{"line":77,"column":0},"end":{"line":77,"column":0}},"77":{"start":{"line":78,"column":0},"end":{"line":78,"column":20}},"78":{"start":{"line":79,"column":0},"end":{"line":79,"column":5}},"79":{"start":{"line":80,"column":0},"end":{"line":80,"column":0}},"80":{"start":{"line":81,"column":0},"end":{"line":81,"column":12}},"81":{"start":{"line":82,"column":0},"end":{"line":82,"column":40}},"82":{"start":{"line":83,"column":0},"end":{"line":83,"column":50}},"83":{"start":{"line":84,"column":0},"end":{"line":84,"column":6}},"84":{"start":{"line":85,"column":0},"end":{"line":85,"column":3}},"85":{"start":{"line":86,"column":0},"end":{"line":86,"column":1}}},"s":{"0":1,"1":1,"2":1,"3":1,"4":1,"5":1,"6":1,"7":1,"8":0,"9":1,"10":1,"11":1,"12":1,"13":1,"14":1,"15":1,"16":1,"17":1,"18":1,"19":1,"20":1,"21":1,"22":1,"23":1,"24":1,"25":1,"26":1,"27":1,"28":1,"29":1,"30":1,"31":1,"32":1,"33":1,"34":1,"35":1,"36":6,"37":6,"38":6,"39":1,"40":6,"41":6,"42":6,"43":6,"44":6,"45":6,"46":6,"47":1,"48":6,"49":6,"50":6,"51":6,"52":1,"53":6,"54":6,"55":6,"56":6,"57":1,"58":6,"59":6,"60":6,"61":6,"62":6,"63":6,"64":6,"65":6,"66":1,"67":6,"68":6,"69":6,"70":1,"71":1,"72":1,"73":1,"74":6,"75":0,"76":0,"77":0,"78":0,"79":0,"80":0,"81":0,"82":6,"83":6,"84":6,"85":6},"branchMap":{"0":{"type":"branch","line":1,"loc":{"start":{"line":1,"column":0},"end":{"line":86,"column":1}},"locations":[{"start":{"line":1,"column":0},"end":{"line":86,"column":1}}]},"1":{"type":"branch","line":1,"loc":{"start":{"line":1,"column":0},"end":{"line":86,"column":1}},"locations":[{"start":{"line":1,"column":0},"end":{"line":86,"column":1}}]},"2":{"type":"branch","line":3,"loc":{"start":{"line":3,"column":41},"end":{"line":4,"column":97}},"locations":[{"start":{"line":3,"column":41},"end":{"line":4,"column":97}}]},"3":{"type":"branch","line":6,"loc":{"start":{"line":6,"column":10},"end":{"line":21,"column":29}},"locations":[{"start":{"line":6,"column":10},"end":{"line":21,"column":29}}]},"4":{"type":"branch","line":8,"loc":{"start":{"line":8,"column":16},"end":{"line":10,"column":4}},"locations":[{"start":{"line":8,"column":16},"end":{"line":10,"column":4}}]},"5":{"type":"branch","line":16,"loc":{"start":{"line":16,"column":7},"end":{"line":16,"column":22}},"locations":[{"start":{"line":16,"column":7},"end":{"line":16,"column":22}}]},"6":{"type":"branch","line":22,"loc":{"start":{"line":22,"column":14},"end":{"line":27,"column":1}},"locations":[{"start":{"line":22,"column":14},"end":{"line":27,"column":1}}]},"7":{"type":"branch","line":28,"loc":{"start":{"line":28,"column":23},"end":{"line":28,"column":39}},"locations":[{"start":{"line":28,"column":23},"end":{"line":28,"column":39}}]},"8":{"type":"branch","line":36,"loc":{"start":{"line":36,"column":9},"end":{"line":40,"column":54}},"locations":[{"start":{"line":36,"column":9},"end":{"line":40,"column":54}}]},"9":{"type":"branch","line":40,"loc":{"start":{"line":40,"column":57},"end":{"line":48,"column":3}},"locations":[{"start":{"line":40,"column":57},"end":{"line":48,"column":3}}]},"10":{"type":"branch","line":48,"loc":{"start":{"line":48,"column":6},"end":{"line":53,"column":16}},"locations":[{"start":{"line":48,"column":6},"end":{"line":53,"column":16}}]},"11":{"type":"branch","line":53,"loc":{"start":{"line":53,"column":19},"end":{"line":58,"column":17}},"locations":[{"start":{"line":53,"column":19},"end":{"line":58,"column":17}}]},"12":{"type":"branch","line":58,"loc":{"start":{"line":58,"column":20},"end":{"line":67,"column":17}},"locations":[{"start":{"line":58,"column":20},"end":{"line":67,"column":17}}]},"13":{"type":"branch","line":67,"loc":{"start":{"line":67,"column":20},"end":{"line":71,"column":36}},"locations":[{"start":{"line":67,"column":20},"end":{"line":71,"column":36}}]},"14":{"type":"branch","line":71,"loc":{"start":{"line":71,"column":39},"end":{"line":74,"column":19}},"locations":[{"start":{"line":71,"column":39},"end":{"line":74,"column":19}}]},"15":{"type":"branch","line":74,"loc":{"start":{"line":74,"column":22},"end":{"line":86,"column":1}},"locations":[{"start":{"line":74,"column":22},"end":{"line":86,"column":1}}]},"16":{"type":"branch","line":76,"loc":{"start":{"line":76,"column":-1},"end":{"line":83,"column":34}},"locations":[{"start":{"line":76,"column":-1},"end":{"line":83,"column":34}}]}},"b":{"0":[1],"1":[1],"2":[1],"3":[1],"4":[0],"5":[6],"6":[1],"7":[6],"8":[6],"9":[6],"10":[6],"11":[6],"12":[6],"13":[6],"14":[1],"15":[6],"16":[0]},"fnMap":{"0":{"name":"Object.<anonymous>","decl":{"start":{"line":1,"column":0},"end":{"line":86,"column":1}},"loc":{"start":{"line":1,"column":0},"end":{"line":86,"column":1}},"line":1},"1":{"name":"__export","decl":{"start":{"line":3,"column":41},"end":{"line":4,"column":97}},"loc":{"start":{"line":3,"column":41},"end":{"line":4,"column":97}},"line":3},"2":{"name":"__copyProps","decl":{"start":{"line":6,"column":10},"end":{"line":21,"column":29}},"loc":{"start":{"line":6,"column":10},"end":{"line":21,"column":29}},"line":6},"3":{"name":"get","decl":{"start":{"line":16,"column":7},"end":{"line":16,"column":22}},"loc":{"start":{"line":16,"column":7},"end":{"line":16,"column":22}},"line":16},"4":{"name":"__toCommonJS","decl":{"start":{"line":22,"column":14},"end":{"line":27,"column":1}},"loc":{"start":{"line":22,"column":14},"end":{"line":27,"column":1}},"line":22},"5":{"name":"RESTRouter","decl":{"start":{"line":28,"column":23},"end":{"line":28,"column":39}},"loc":{"start":{"line":28,"column":23},"end":{"line":28,"column":39}},"line":28},"6":{"name":"RESTRouter","decl":{"start":{"line":36,"column":9},"end":{"line":40,"column":54}},"loc":{"start":{"line":36,"column":9},"end":{"line":40,"column":54}},"line":36},"7":{"name":"onCreate","decl":{"start":{"line":40,"column":57},"end":{"line":48,"column":3}},"loc":{"start":{"line":40,"column":57},"end":{"line":48,"column":3}},"line":40},"8":{"name":"onFind","decl":{"start":{"line":48,"column":6},"end":{"line":53,"column":16}},"loc":{"start":{"line":48,"column":6},"end":{"line":53,"column":16}},"line":48},"9":{"name":"onFindById","decl":{"start":{"line":53,"column":19},"end":{"line":58,"column":17}},"loc":{"start":{"line":53,"column":19},"end":{"line":58,"column":17}},"line":53},"10":{"name":"onUpdate","decl":{"start":{"line":58,"column":20},"end":{"line":67,"column":17}},"loc":{"start":{"line":58,"column":20},"end":{"line":67,"column":17}},"line":58},"11":{"name":"onDelete","decl":{"start":{"line":67,"column":20},"end":{"line":71,"column":36}},"loc":{"start":{"line":67,"column":20},"end":{"line":71,"column":36}},"line":67},"12":{"name":"onCustomRoute","decl":{"start":{"line":71,"column":39},"end":{"line":74,"column":19}},"loc":{"start":{"line":71,"column":39},"end":{"line":74,"column":19}},"line":71},"13":{"name":"calculateRoute","decl":{"start":{"line":74,"column":22},"end":{"line":86,"column":1}},"loc":{"start":{"line":74,"column":22},"end":{"line":86,"column":1}},"line":74}},"f":{"0":1,"1":1,"2":1,"3":6,"4":1,"5":6,"6":6,"7":6,"8":6,"9":6,"10":6,"11":6,"12":1,"13":6}}
}
