TN:
SF:common/RESTRoute.ts
FN:1,Object.<anonymous>
FN:3,__export
FN:8,__copyProps
FN:13,get
FN:18,__toCommonJS
FN:22,CreateRoute
FN:23,CustomRoute
FN:23,DeleteRoute
FN:25,FindByIdRoute
FN:25,FindRoute
FN:28,RESTRoute
FN:29,UpdateRoute
FN:40,RESTRoute
FN:43,isMatch
FN:49,getParams
FN:53,handleRequestWithBody
FN:67,okResponse
FN:71,errorResponse
FN:77,handle
FN:89,CreateRoute
FN:93,handleImpl
FN:99,FindRoute
FN:104,handleImpl
FN:112,FindByIdRoute
FN:114,handleImpl
FN:129,UpdateRoute
FN:130,handleImpl
FN:141,DeleteRoute
FN:142,handleImpl
FNF:29
FNH:28
FNDA:2,Object.<anonymous>
FNDA:2,__export
FNDA:2,__copyProps
FNDA:35,get
FNDA:2,__toCommonJS
FNDA:7,CreateRoute
FNDA:1,CustomRoute
FNDA:6,DeleteRoute
FNDA:8,FindByIdRoute
FNDA:7,FindRoute
FNDA:0,RESTRoute
FNDA:6,UpdateRoute
FNDA:35,RESTRoute
FNDA:23,isMatch
FNDA:6,getParams
FNDA:2,handleRequestWithBody
FNDA:4,okResponse
FNDA:1,errorResponse
FNDA:6,handle
FNDA:7,CreateRoute
FNDA:1,handleImpl
FNDA:7,FindRoute
FNDA:1,handleImpl
FNDA:8,FindByIdRoute
FNDA:1,handleImpl
FNDA:6,UpdateRoute
FNDA:1,handleImpl
FNDA:6,DeleteRoute
FNDA:1,handleImpl
DA:1,2
DA:2,2
DA:3,2
DA:4,2
DA:5,14
DA:6,2
DA:7,2
DA:8,2
DA:9,2
DA:10,2
DA:11,2
DA:12,2
DA:13,14
DA:14,14
DA:15,14
DA:16,14
DA:17,2
DA:18,2
DA:19,2
DA:20,2
DA:21,2
DA:22,2
DA:23,2
DA:24,2
DA:25,2
DA:26,7
DA:27,2
DA:28,2
DA:29,2
DA:30,2
DA:31,2
DA:32,2
DA:33,2
DA:34,2
DA:35,2
DA:36,2
DA:37,2
DA:38,2
DA:39,2
DA:40,2
DA:41,35
DA:42,35
DA:43,2
DA:44,23
DA:45,23
DA:46,23
DA:47,23
DA:48,11
DA:49,2
DA:50,6
DA:51,6
DA:52,6
DA:53,2
DA:54,2
DA:55,2
DA:56,2
DA:57,0
DA:58,0
DA:59,0
DA:60,0
DA:61,0
DA:62,2
DA:63,2
DA:64,0
DA:65,0
DA:66,0
DA:67,2
DA:68,4
DA:69,4
DA:70,4
DA:71,2
DA:72,1
DA:73,1
DA:74,1
DA:75,1
DA:76,1
DA:77,2
DA:78,6
DA:79,6
DA:80,6
DA:81,6
DA:82,0
DA:83,0
DA:84,0
DA:85,0
DA:86,0
DA:87,0
DA:88,2
DA:89,2
DA:90,7
DA:91,7
DA:92,7
DA:93,2
DA:94,1
DA:95,1
DA:96,1
DA:97,1
DA:98,2
DA:99,2
DA:100,7
DA:101,7
DA:102,7
DA:103,2
DA:104,1
DA:105,1
DA:106,1
DA:107,1
DA:108,1
DA:109,2
DA:110,2
DA:111,2
DA:112,8
DA:113,8
DA:114,2
DA:115,1
DA:116,1
DA:117,1
DA:118,1
DA:119,1
DA:120,1
DA:121,1
DA:122,1
DA:123,1
DA:124,1
DA:125,0
DA:126,2
DA:127,2
DA:128,2
DA:129,2
DA:130,2
DA:131,1
DA:132,1
DA:133,1
DA:134,1
DA:135,1
DA:136,1
DA:137,2
DA:138,2
DA:139,2
DA:140,2
DA:141,2
DA:142,2
DA:143,1
DA:144,1
LF:144
LH:129
BRDA:1,0,0,2
BRDA:1,1,0,2
BRDA:3,2,0,2
BRDA:4,3,0,14
BRDA:8,4,0,2
BRDA:9,5,0,0
BRDA:12,6,0,14
BRDA:13,7,0,35
BRDA:18,8,0,2
BRDA:22,9,0,7
BRDA:23,10,0,1
BRDA:23,11,0,6
BRDA:25,12,0,8
BRDA:25,13,0,7
BRDA:29,14,0,6
BRDA:40,15,0,35
BRDA:43,16,0,23
BRDA:48,17,0,11
BRDA:49,18,0,6
BRDA:53,19,0,1
BRDA:53,20,0,2
BRDA:56,21,0,0
BRDA:63,22,0,0
BRDA:67,23,0,4
BRDA:71,24,0,1
BRDA:77,25,0,6
BRDA:81,26,0,0
BRDA:89,27,0,7
BRDA:93,28,0,1
BRDA:94,29,0,1
BRDA:99,30,0,7
BRDA:104,31,0,1
BRDA:112,32,0,8
BRDA:114,33,0,1
BRDA:124,34,0,0
BRDA:129,35,0,6
BRDA:130,36,0,1
BRDA:136,37,0,1
BRDA:141,38,0,6
BRDA:142,39,0,1
BRF:40
BRH:35
end_of_record
TN:
SF:common/RESTRouter.ts
FN:1,Object.<anonymous>
FN:3,__export
FN:6,__copyProps
FN:16,get
FN:22,__toCommonJS
FN:28,RESTRouter
FN:36,RESTRouter
FN:40,onCreate
FN:48,onFind
FN:53,onFindById
FN:58,onUpdate
FN:67,onDelete
FN:71,onCustomRoute
FN:74,calculateRoute
FNF:14
FNH:14
FNDA:1,Object.<anonymous>
FNDA:1,__export
FNDA:1,__copyProps
FNDA:6,get
FNDA:1,__toCommonJS
FNDA:6,RESTRouter
FNDA:6,RESTRouter
FNDA:6,onCreate
FNDA:6,onFind
FNDA:6,onFindById
FNDA:6,onUpdate
FNDA:6,onDelete
FNDA:1,onCustomRoute
FNDA:6,calculateRoute
DA:1,1
DA:2,1
DA:3,1
DA:4,1
DA:5,1
DA:6,1
DA:7,1
DA:8,1
DA:9,0
DA:10,1
DA:11,1
DA:12,1
DA:13,1
DA:14,1
DA:15,1
DA:16,1
DA:17,1
DA:18,1
DA:19,1
DA:20,1
DA:21,1
DA:22,1
DA:23,1
DA:24,1
DA:25,1
DA:26,1
DA:27,1
DA:28,1
DA:29,1
DA:30,1
DA:31,1
DA:32,1
DA:33,1
DA:34,1
DA:35,1
DA:36,1
DA:37,6
DA:38,6
DA:39,6
DA:40,1
DA:41,6
DA:42,6
DA:43,6
DA:44,6
DA:45,6
DA:46,6
DA:47,6
DA:48,1
DA:49,6
DA:50,6
DA:51,6
DA:52,6
DA:53,1
DA:54,6
DA:55,6
DA:56,6
DA:57,6
DA:58,1
DA:59,6
DA:60,6
DA:61,6
DA:62,6
DA:63,6
DA:64,6
DA:65,6
DA:66,6
DA:67,1
DA:68,6
DA:69,6
DA:70,6
DA:71,1
DA:72,1
DA:73,1
DA:74,1
DA:75,6
DA:76,0
DA:77,0
DA:78,0
DA:79,0
DA:80,0
DA:81,0
DA:82,0
DA:83,6
DA:84,6
DA:85,6
DA:86,6
LF:86
LH:78
BRDA:1,0,0,1
BRDA:1,1,0,1
BRDA:3,2,0,1
BRDA:6,3,0,1
BRDA:8,4,0,0
BRDA:16,5,0,6
BRDA:22,6,0,1
BRDA:28,7,0,6
BRDA:36,8,0,6
BRDA:40,9,0,6
BRDA:48,10,0,6
BRDA:53,11,0,6
BRDA:58,12,0,6
BRDA:67,13,0,6
BRDA:71,14,0,1
BRDA:74,15,0,6
BRDA:76,16,0,0
BRF:17
BRH:15
end_of_record
